# JRE version: OpenJDK Runtime Environment Temurin-21.0.10+7 (21.0.10+7) (build 21.0.10+7-LTS)
# Java VM: OpenJDK 64-Bit Server VM Temurin-21.0.10+7 (21.0.10+7-LTS, mixed mode, sharing, tiered, compressed oops, compressed class ptrs, parallel gc, windows-amd64)
GC Precious Log:
 CardTable entry size: 512
 CPUs: 8 total, 8 available
 Memory: 7883M
 Large Page Support: Disabled
 NUMA Support: Disabled
 Compressed Oops: Enabled (32-bit)
 Alignments: Space 512K, Generation 512K, Heap 2M
 Heap Min Capacity: 100M
 Heap Initial Capacity: 100M
 Heap Max Capacity: 2G
 Pre-touch: Disabled
 Parallel Workers: 8
Heap:
 PSYoungGen      total 7168K, used 1262K [0x00000000d5580000, 0x00000000d5d80000, 0x0000000100000000)
  eden space 6656K, 14% used [0x00000000d5580000,0x00000000d56729c8,0x00000000d5c00000)
  from space 512K, 56% used [0x00000000d5c80000,0x00000000d5cc8e78,0x00000000d5d00000)
  to   space 512K, 0% used [0x00000000d5d00000,0x00000000d5d00000,0x00000000d5d80000)
 ParOldGen       total 86016K, used 85547K [0x0000000080000000, 0x0000000085400000, 0x00000000d5580000)
  object space 86016K, 99% used [0x0000000080000000,0x000000008538afb8,0x0000000085400000)
 Metaspace       used 61393K, committed 62912K, reserved 1114112K
  class space    used 6582K, committed 7232K, reserved 1048576K
GC Heap History (20 events):
Event: 12.865 GC heap before
{Heap before GC invocations=188 (full 3):
 PSYoungGen      total 7168K, used 6976K [0x00000000d5580000, 0x00000000d5d80000, 0x0000000100000000)
  eden space 6656K, 100% used [0x00000000d5580000,0x00000000d5c00000,0x00000000d5c00000)
  from space 512K, 62% used [0x00000000d5d00000,0x00000000d5d50000,0x00000000d5d80000)
  to   space 512K, 0% used [0x00000000d5c00000,0x00000000d5c00000,0x00000000d5c80000)
 ParOldGen       total 81920K, used 81791K [0x0000000080000000, 0x0000000085000000, 0x00000000d5580000)
  object space 81920K, 99% used [0x0000000080000000,0x0000000084fdfca8,0x0000000085000000)
 Metaspace       used 61328K, committed 62912K, reserved 1114112K
  class space    used 6581K, committed 7232K, reserved 1048576K
}
Event: 12.867 GC heap after
{Heap after GC invocations=188 (full 3):
 PSYoungGen      total 7168K, used 466K [0x00000000d5580000, 0x00000000d5d80000, 0x0000000100000000)
  eden space 6656K, 0% used [0x00000000d5580000,0x00000000d5580000,0x00000000d5c00000)
  from space 512K, 91% used [0x00000000d5c00000,0x00000000d5c74a70,0x00000000d5c80000)
  to   space 512K, 0% used [0x00000000d5d00000,0x00000000d5d00000,0x00000000d5d80000)
 ParOldGen       total 82944K, used 82746K [0x0000000080000000, 0x0000000085100000, 0x00000000d5580000)
  object space 82944K, 99% used [0x0000000080000000,0x00000000850cea78,0x0000000085100000)
 Metaspace       used 61328K, committed 62912K, reserved 1114112K
  class space    used 6581K, committed 7232K, reserved 1048576K
}
Event: 12.882 GC heap before
{Heap before GC invocations=189 (full 3):
 PSYoungGen      total 7168K, used 7122K [0x00000000d5580000, 0x00000000d5d80000, 0x0000000100000000)
  eden space 6656K, 100% used [0x00000000d5580000,0x00000000d5c00000,0x00000000d5c00000)
  from space 512K, 91% used [0x00000000d5c00000,0x00000000d5c74a70,0x00000000d5c80000)
  to   space 512K, 0% used [0x00000000d5d00000,0x00000000d5d00000,0x00000000d5d80000)
 ParOldGen       total 82944K, used 82746K [0x0000000080000000, 0x0000000085100000, 0x00000000d5580000)
  object space 82944K, 99% used [0x0000000080000000,0x00000000850cea78,0x0000000085100000)
 Metaspace       used 61328K, committed 62912K, reserved 1114112K
  class space    used 6581K, committed 7232K, reserved 1048576K
}
Event: 12.883 GC heap after
{Heap after GC invocations=189 (full 3):
 PSYoungGen      total 7168K, used 306K [0x00000000d5580000, 0x00000000d5d80000, 0x0000000100000000)
  eden space 6656K, 0% used [0x00000000d5580000,0x00000000d5580000,0x00000000d5c00000)
  from space 512K, 59% used [0x00000000d5d00000,0x00000000d5d4cb68,0x00000000d5d80000)
  to   space 512K, 0% used [0x00000000d5c00000,0x00000000d5c00000,0x00000000d5c80000)
 ParOldGen       total 83456K, used 83024K [0x0000000080000000, 0x0000000085180000, 0x00000000d5580000)
  object space 83456K, 99% used [0x0000000080000000,0x00000000851141d8,0x0000000085180000)
 Metaspace       used 61328K, committed 62912K, reserved 1114112K
  class space    used 6581K, committed 7232K, reserved 1048576K
}
Event: 12.889 GC heap before
{Heap before GC invocations=190 (full 3):
 PSYoungGen      total 7168K, used 6962K [0x00000000d5580000, 0x00000000d5d80000, 0x0000000100000000)
  eden space 6656K, 100% used [0x00000000d5580000,0x00000000d5c00000,0x00000000d5c00000)
  from space 512K, 59% used [0x00000000d5d00000,0x00000000d5d4cb68,0x00000000d5d80000)
  to   space 512K, 0% used [0x00000000d5c00000,0x00000000d5c00000,0x00000000d5c80000)
 ParOldGen       total 83456K, used 83024K [0x0000000080000000, 0x0000000085180000, 0x00000000d5580000)
  object space 83456K, 99% used [0x0000000080000000,0x00000000851141d8,0x0000000085180000)
 Metaspace       used 61329K, committed 62912K, reserved 1114112K
  class space    used 6581K, committed 7232K, reserved 1048576K
}
Event: 12.890 GC heap after
{Heap after GC invocations=190 (full 3):
 PSYoungGen      total 7168K, used 320K [0x00000000d5580000, 0x00000000d5d80000, 0x0000000100000000)
  eden space 6656K, 0% used [0x00000000d5580000,0x00000000d5580000,0x00000000d5c00000)
  from space 512K, 62% used [0x00000000d5c00000,0x00000000d5c50230,0x00000000d5c80000)
  to   space 512K, 0% used [0x00000000d5d00000,0x00000000d5d00000,0x00000000d5d80000)
 ParOldGen       total 83456K, used 83123K [0x0000000080000000, 0x0000000085180000, 0x00000000d5580000)
  object space 83456K, 99% used [0x0000000080000000,0x000000008512cd40,0x0000000085180000)
 Metaspace       used 61329K, committed 62912K, reserved 1114112K
  class space    used 6581K, committed 7232K, reserved 1048576K
}
Event: 12.911 GC heap before
{Heap before GC invocations=191 (full 3):
 PSYoungGen      total 7168K, used 6976K [0x00000000d5580000, 0x00000000d5d80000, 0x0000000100000000)
  eden space 6656K, 100% used [0x00000000d5580000,0x00000000d5c00000,0x00000000d5c00000)
  from space 512K, 62% used [0x00000000d5c00000,0x00000000d5c50230,0x00000000d5c80000)
  to   space 512K, 0% used [0x00000000d5d00000,0x00000000d5d00000,0x00000000d5d80000)
 ParOldGen       total 83456K, used 83123K [0x0000000080000000, 0x0000000085180000, 0x00000000d5580000)
  object space 83456K, 99% used [0x0000000080000000,0x000000008512cd40,0x0000000085180000)
 Metaspace       used 61335K, committed 62912K, reserved 1114112K
  class space    used 6581K, committed 7232K, reserved 1048576K
}
Event: 12.912 GC heap after
{Heap after GC invocations=191 (full 3):
 PSYoungGen      total 7168K, used 256K [0x00000000d5580000, 0x00000000d5d80000, 0x0000000100000000)
  eden space 6656K, 0% used [0x00000000d5580000,0x00000000d5580000,0x00000000d5c00000)
  from space 512K, 50% used [0x00000000d5d00000,0x00000000d5d40000,0x00000000d5d80000)
  to   space 512K, 0% used [0x00000000d5c00000,0x00000000d5c00000,0x00000000d5c80000)
 ParOldGen       total 83456K, used 83235K [0x0000000080000000, 0x0000000085180000, 0x00000000d5580000)
  object space 83456K, 99% used [0x0000000080000000,0x0000000085148d40,0x0000000085180000)
 Metaspace       used 61335K, committed 62912K, reserved 1114112K
  class space    used 6581K, committed 7232K, reserved 1048576K
}
Event: 12.923 GC heap before
{Heap before GC invocations=192 (full 3):
 PSYoungGen      total 7168K, used 6912K [0x00000000d5580000, 0x00000000d5d80000, 0x0000000100000000)
  eden space 6656K, 100% used [0x00000000d5580000,0x00000000d5c00000,0x00000000d5c00000)
  from space 512K, 50% used [0x00000000d5d00000,0x00000000d5d40000,0x00000000d5d80000)
  to   space 512K, 0% used [0x00000000d5c00000,0x00000000d5c00000,0x00000000d5c80000)
 ParOldGen       total 83456K, used 83236K [0x0000000080000000, 0x0000000085180000, 0x00000000d5580000)
  object space 83456K, 99% used [0x0000000080000000,0x00000000851493d0,0x0000000085180000)
 Metaspace       used 61335K, committed 62912K, reserved 1114112K
  class space    used 6581K, committed 7232K, reserved 1048576K
}
Event: 12.927 GC heap after
{Heap after GC invocations=192 (full 3):
 PSYoungGen      total 7168K, used 498K [0x00000000d5580000, 0x00000000d5e00000, 0x0000000100000000)
  eden space 6656K, 0% used [0x00000000d5580000,0x00000000d5580000,0x00000000d5c00000)
  from space 512K, 97% used [0x00000000d5c00000,0x00000000d5c7c9b0,0x00000000d5c80000)
  to   space 1024K, 0% used [0x00000000d5d00000,0x00000000d5d00000,0x00000000d5e00000)
 ParOldGen       total 83456K, used 83371K [0x0000000080000000, 0x0000000085180000, 0x00000000d5580000)
  object space 83456K, 99% used [0x0000000080000000,0x000000008516ad60,0x0000000085180000)
 Metaspace       used 61335K, committed 62912K, reserved 1114112K
  class space    used 6581K, committed 7232K, reserved 1048576K
}
Event: 12.932 GC heap before
{Heap before GC invocations=193 (full 3):
 PSYoungGen      total 7168K, used 7154K [0x00000000d5580000, 0x00000000d5e00000, 0x0000000100000000)
  eden space 6656K, 100% used [0x00000000d5580000,0x00000000d5c00000,0x00000000d5c00000)
  from space 512K, 97% used [0x00000000d5c00000,0x00000000d5c7c9b0,0x00000000d5c80000)
  to   space 1024K, 0% used [0x00000000d5d00000,0x00000000d5d00000,0x00000000d5e00000)
 ParOldGen       total 83456K, used 83371K [0x0000000080000000, 0x0000000085180000, 0x00000000d5580000)
  object space 83456K, 99% used [0x0000000080000000,0x000000008516ad60,0x0000000085180000)
 Metaspace       used 61337K, committed 62912K, reserved 1114112K
  class space    used 6581K, committed 7232K, reserved 1048576K
}
Event: 12.933 GC heap after
{Heap after GC invocations=193 (full 3):
 PSYoungGen      total 7168K, used 352K [0x00000000d5580000, 0x00000000d5d80000, 0x0000000100000000)
  eden space 6656K, 0% used [0x00000000d5580000,0x00000000d5580000,0x00000000d5c00000)
  from space 512K, 68% used [0x00000000d5d00000,0x00000000d5d58000,0x00000000d5d80000)
  to   space 512K, 0% used [0x00000000d5c00000,0x00000000d5c00000,0x00000000d5c80000)
 ParOldGen       total 83968K, used 83639K [0x0000000080000000, 0x0000000085200000, 0x00000000d5580000)
  object space 83968K, 99% used [0x0000000080000000,0x00000000851adc70,0x0000000085200000)
 Metaspace       used 61337K, committed 62912K, reserved 1114112K
  class space    used 6581K, committed 7232K, reserved 1048576K
}
Event: 12.951 GC heap before
{Heap before GC invocations=194 (full 3):
 PSYoungGen      total 7168K, used 6998K [0x00000000d5580000, 0x00000000d5d80000, 0x0000000100000000)
  eden space 6656K, 99% used [0x00000000d5580000,0x00000000d5bfda88,0x00000000d5c00000)
  from space 512K, 68% used [0x00000000d5d00000,0x00000000d5d58000,0x00000000d5d80000)
  to   space 512K, 0% used [0x00000000d5c00000,0x00000000d5c00000,0x00000000d5c80000)
 ParOldGen       total 83968K, used 83639K [0x0000000080000000, 0x0000000085200000, 0x00000000d5580000)
  object space 83968K, 99% used [0x0000000080000000,0x00000000851adc70,0x0000000085200000)
 Metaspace       used 61343K, committed 62912K, reserved 1114112K
  class space    used 6581K, committed 7232K, reserved 1048576K
}
Event: 12.952 GC heap after
{Heap after GC invocations=194 (full 3):
 PSYoungGen      total 7168K, used 486K [0x00000000d5580000, 0x00000000d5e00000, 0x0000000100000000)
  eden space 6656K, 0% used [0x00000000d5580000,0x00000000d5580000,0x00000000d5c00000)
  from space 512K, 94% used [0x00000000d5c00000,0x00000000d5c79928,0x00000000d5c80000)
  to   space 1024K, 0% used [0x00000000d5d00000,0x00000000d5d00000,0x00000000d5e00000)
 ParOldGen       total 83968K, used 83835K [0x0000000080000000, 0x0000000085200000, 0x00000000d5580000)
  object space 83968K, 99% used [0x0000000080000000,0x00000000851dee70,0x0000000085200000)
 Metaspace       used 61343K, committed 62912K, reserved 1114112K
  class space    used 6581K, committed 7232K, reserved 1048576K
}
Event: 12.972 GC heap before
{Heap before GC invocations=195 (full 3):
 PSYoungGen      total 7168K, used 7142K [0x00000000d5580000, 0x00000000d5e00000, 0x0000000100000000)
  eden space 6656K, 100% used [0x00000000d5580000,0x00000000d5c00000,0x00000000d5c00000)
  from space 512K, 94% used [0x00000000d5c00000,0x00000000d5c79928,0x00000000d5c80000)
  to   space 1024K, 0% used [0x00000000d5d00000,0x00000000d5d00000,0x00000000d5e00000)
 ParOldGen       total 83968K, used 83835K [0x0000000080000000, 0x0000000085200000, 0x00000000d5580000)
  object space 83968K, 99% used [0x0000000080000000,0x00000000851dee70,0x0000000085200000)
 Metaspace       used 61363K, committed 62912K, reserved 1114112K
  class space    used 6581K, committed 7232K, reserved 1048576K
}
Event: 12.974 GC heap after
{Heap after GC invocations=195 (full 3):
 PSYoungGen      total 7680K, used 441K [0x00000000d5580000, 0x00000000d5e00000, 0x0000000100000000)
  eden space 6656K, 0% used [0x00000000d5580000,0x00000000d5580000,0x00000000d5c00000)
  from space 1024K, 43% used [0x00000000d5d00000,0x00000000d5d6e658,0x00000000d5e00000)
  to   space 1024K, 0% used [0x00000000d5c00000,0x00000000d5c00000,0x00000000d5d00000)
 ParOldGen       total 84480K, used 84179K [0x0000000080000000, 0x0000000085280000, 0x00000000d5580000)
  object space 84480K, 99% used [0x0000000080000000,0x0000000085234e30,0x0000000085280000)
 Metaspace       used 61363K, committed 62912K, reserved 1114112K
  class space    used 6581K, committed 7232K, reserved 1048576K
}
Event: 12.986 GC heap before
{Heap before GC invocations=196 (full 3):
 PSYoungGen      total 7680K, used 7097K [0x00000000d5580000, 0x00000000d5e00000, 0x0000000100000000)
  eden space 6656K, 100% used [0x00000000d5580000,0x00000000d5c00000,0x00000000d5c00000)
  from space 1024K, 43% used [0x00000000d5d00000,0x00000000d5d6e658,0x00000000d5e00000)
  to   space 1024K, 0% used [0x00000000d5c00000,0x00000000d5c00000,0x00000000d5d00000)
 ParOldGen       total 84480K, used 84179K [0x0000000080000000, 0x0000000085280000, 0x00000000d5580000)
  object space 84480K, 99% used [0x0000000080000000,0x0000000085234e30,0x0000000085280000)
 Metaspace       used 61371K, committed 62912K, reserved 1114112K
  class space    used 6581K, committed 7232K, reserved 1048576K
}
Event: 12.987 GC heap after
{Heap after GC invocations=196 (full 3):
 PSYoungGen      total 7680K, used 358K [0x00000000d5580000, 0x00000000d5d80000, 0x0000000100000000)
  eden space 6656K, 0% used [0x00000000d5580000,0x00000000d5580000,0x00000000d5c00000)
  from space 1024K, 35% used [0x00000000d5c00000,0x00000000d5c59aa8,0x00000000d5d00000)
  to   space 512K, 0% used [0x00000000d5d00000,0x00000000d5d00000,0x00000000d5d80000)
 ParOldGen       total 84480K, used 84382K [0x0000000080000000, 0x0000000085280000, 0x00000000d5580000)
  object space 84480K, 99% used [0x0000000080000000,0x0000000085267b70,0x0000000085280000)
 Metaspace       used 61371K, committed 62912K, reserved 1114112K
  class space    used 6581K, committed 7232K, reserved 1048576K
}
Event: 12.999 GC heap before
{Heap before GC invocations=197 (full 3):
 PSYoungGen      total 7680K, used 7014K [0x00000000d5580000, 0x00000000d5d80000, 0x0000000100000000)
  eden space 6656K, 100% used [0x00000000d5580000,0x00000000d5c00000,0x00000000d5c00000)
  from space 1024K, 35% used [0x00000000d5c00000,0x00000000d5c59aa8,0x00000000d5d00000)
  to   space 512K, 0% used [0x00000000d5d00000,0x00000000d5d00000,0x00000000d5d80000)
 ParOldGen       total 84480K, used 84382K [0x0000000080000000, 0x0000000085280000, 0x00000000d5580000)
  object space 84480K, 99% used [0x0000000080000000,0x0000000085267b70,0x0000000085280000)
 Metaspace       used 61371K, committed 62912K, reserved 1114112K
  class space    used 6581K, committed 7232K, reserved 1048576K
}
Event: 13.000 GC heap after
{Heap after GC invocations=197 (full 3):
 PSYoungGen      total 7168K, used 399K [0x00000000d5580000, 0x00000000d5d80000, 0x0000000100000000)
  eden space 6656K, 0% used [0x00000000d5580000,0x00000000d5580000,0x00000000d5c00000)
  from space 512K, 77% used [0x00000000d5d00000,0x00000000d5d63c58,0x00000000d5d80000)
  to   space 512K, 0% used [0x00000000d5c80000,0x00000000d5c80000,0x00000000d5d00000)
 ParOldGen       total 84992K, used 84588K [0x0000000080000000, 0x0000000085300000, 0x00000000d5580000)
  object space 84992K, 99% used [0x0000000080000000,0x000000008529b378,0x0000000085300000)
 Metaspace       used 61371K, committed 62912K, reserved 1114112K
  class space    used 6581K, committed 7232K, reserved 1048576K
}

