# JRE version: OpenJDK Runtime Environment Temurin-21.0.10+7 (21.0.10+7) (build 21.0.10+7-LTS)
# Java VM: OpenJDK 64-Bit Server VM Temurin-21.0.10+7 (21.0.10+7-LTS, mixed mode, sharing, tiered, compressed oops, compressed class ptrs, parallel gc, windows-amd64)
GC Precious Log:
 CardTable entry size: 512
 CPUs: 8 total, 8 available
 Memory: 7883M
 Large Page Support: Disabled
 NUMA Support: Disabled
 Compressed Oops: Enabled (32-bit)
 Alignments: Space 512K, Generation 512K, Heap 2M
 Heap Min Capacity: 100M
 Heap Initial Capacity: 100M
 Heap Max Capacity: 2G
 Pre-touch: Disabled
 Parallel Workers: 8
Heap:
 PSYoungGen      total 9216K, used 8954K [0x00000000d5580000, 0x00000000d6100000, 0x0000000100000000)
  eden space 8704K, 100% used [0x00000000d5580000,0x00000000d5e00000,0x00000000d5e00000)
  from space 512K, 48% used [0x00000000d5e80000,0x00000000d5ebe900,0x00000000d5f00000)
  to   space 512K, 0% used [0x00000000d5e00000,0x00000000d5e00000,0x00000000d5e80000)
 ParOldGen       total 628224K, used 627781K [0x0000000080000000, 0x00000000a6580000, 0x00000000d5580000)
  object space 628224K, 99% used [0x0000000080000000,0x00000000a65115c8,0x00000000a6580000)
 Metaspace       used 83653K, committed 85440K, reserved 1179648K
  class space    used 9050K, committed 9856K, reserved 1048576K
GC Heap History (20 events):
Event: 1741.163 GC heap after
{Heap after GC invocations=981 (full 3):
 PSYoungGen      total 8192K, used 299K [0x00000000d5580000, 0x00000000d5f80000, 0x0000000100000000)
  eden space 7680K, 0% used [0x00000000d5580000,0x00000000d5580000,0x00000000d5d00000)
  from space 512K, 58% used [0x00000000d5f00000,0x00000000d5f4ade0,0x00000000d5f80000)
  to   space 512K, 0% used [0x00000000d5d00000,0x00000000d5d00000,0x00000000d5d80000)
 ParOldGen       total 625664K, used 625266K [0x0000000080000000, 0x00000000a6300000, 0x00000000d5580000)
  object space 625664K, 99% used [0x0000000080000000,0x00000000a629c8d0,0x00000000a6300000)
 Metaspace       used 83638K, committed 85440K, reserved 1179648K
  class space    used 9049K, committed 9856K, reserved 1048576K
}
Event: 1741.181 GC heap before
{Heap before GC invocations=982 (full 3):
 PSYoungGen      total 8192K, used 7979K [0x00000000d5580000, 0x00000000d5f80000, 0x0000000100000000)
  eden space 7680K, 100% used [0x00000000d5580000,0x00000000d5d00000,0x00000000d5d00000)
  from space 512K, 58% used [0x00000000d5f00000,0x00000000d5f4ade0,0x00000000d5f80000)
  to   space 512K, 0% used [0x00000000d5d00000,0x00000000d5d00000,0x00000000d5d80000)
 ParOldGen       total 625664K, used 625266K [0x0000000080000000, 0x00000000a6300000, 0x00000000d5580000)
  object space 625664K, 99% used [0x0000000080000000,0x00000000a629c8d0,0x00000000a6300000)
 Metaspace       used 83638K, committed 85440K, reserved 1179648K
  class space    used 9049K, committed 9856K, reserved 1048576K
}
Event: 1741.183 GC heap after
{Heap after GC invocations=982 (full 3):
 PSYoungGen      total 8192K, used 296K [0x00000000d5580000, 0x00000000d5f80000, 0x0000000100000000)
  eden space 7680K, 0% used [0x00000000d5580000,0x00000000d5580000,0x00000000d5d00000)
  from space 512K, 57% used [0x00000000d5d00000,0x00000000d5d4a388,0x00000000d5d80000)
  to   space 512K, 0% used [0x00000000d5f00000,0x00000000d5f00000,0x00000000d5f80000)
 ParOldGen       total 625664K, used 625298K [0x0000000080000000, 0x00000000a6300000, 0x00000000d5580000)
  object space 625664K, 99% used [0x0000000080000000,0x00000000a62a48d0,0x00000000a6300000)
 Metaspace       used 83638K, committed 85440K, reserved 1179648K
  class space    used 9049K, committed 9856K, reserved 1048576K
}
Event: 1741.198 GC heap before
{Heap before GC invocations=983 (full 3):
 PSYoungGen      total 8192K, used 7976K [0x00000000d5580000, 0x00000000d5f80000, 0x0000000100000000)
  eden space 7680K, 100% used [0x00000000d5580000,0x00000000d5d00000,0x00000000d5d00000)
  from space 512K, 57% used [0x00000000d5d00000,0x00000000d5d4a388,0x00000000d5d80000)
  to   space 512K, 0% used [0x00000000d5f00000,0x00000000d5f00000,0x00000000d5f80000)
 ParOldGen       total 625664K, used 625298K [0x0000000080000000, 0x00000000a6300000, 0x00000000d5580000)
  object space 625664K, 99% used [0x0000000080000000,0x00000000a62a48d0,0x00000000a6300000)
 Metaspace       used 83638K, committed 85440K, reserved 1179648K
  class space    used 9049K, committed 9856K, reserved 1048576K
}
Event: 1741.200 GC heap after
{Heap after GC invocations=983 (full 3):
 PSYoungGen      total 8192K, used 224K [0x00000000d5580000, 0x00000000d5f80000, 0x0000000100000000)
  eden space 7680K, 0% used [0x00000000d5580000,0x00000000d5580000,0x00000000d5d00000)
  from space 512K, 43% used [0x00000000d5f00000,0x00000000d5f38000,0x00000000d5f80000)
  to   space 512K, 0% used [0x00000000d5d00000,0x00000000d5d00000,0x00000000d5d80000)
 ParOldGen       total 625664K, used 625354K [0x0000000080000000, 0x00000000a6300000, 0x00000000d5580000)
  object space 625664K, 99% used [0x0000000080000000,0x00000000a62b28d0,0x00000000a6300000)
 Metaspace       used 83638K, committed 85440K, reserved 1179648K
  class space    used 9049K, committed 9856K, reserved 1048576K
}
Event: 1741.209 GC heap before
{Heap before GC invocations=984 (full 3):
 PSYoungGen      total 8192K, used 7904K [0x00000000d5580000, 0x00000000d5f80000, 0x0000000100000000)
  eden space 7680K, 100% used [0x00000000d5580000,0x00000000d5d00000,0x00000000d5d00000)
  from space 512K, 43% used [0x00000000d5f00000,0x00000000d5f38000,0x00000000d5f80000)
  to   space 512K, 0% used [0x00000000d5d00000,0x00000000d5d00000,0x00000000d5d80000)
 ParOldGen       total 625664K, used 625354K [0x0000000080000000, 0x00000000a6300000, 0x00000000d5580000)
  object space 625664K, 99% used [0x0000000080000000,0x00000000a62b28d0,0x00000000a6300000)
 Metaspace       used 83638K, committed 85440K, reserved 1179648K
  class space    used 9049K, committed 9856K, reserved 1048576K
}
Event: 1741.211 GC heap after
{Heap after GC invocations=984 (full 3):
 PSYoungGen      total 8192K, used 263K [0x00000000d5580000, 0x00000000d5f80000, 0x0000000100000000)
  eden space 7680K, 0% used [0x00000000d5580000,0x00000000d5580000,0x00000000d5d00000)
  from space 512K, 51% used [0x00000000d5d00000,0x00000000d5d41c68,0x00000000d5d80000)
  to   space 512K, 0% used [0x00000000d5f00000,0x00000000d5f00000,0x00000000d5f80000)
 ParOldGen       total 626688K, used 626162K [0x0000000080000000, 0x00000000a6400000, 0x00000000d5580000)
  object space 626688K, 99% used [0x0000000080000000,0x00000000a637c9d8,0x00000000a6400000)
 Metaspace       used 83638K, committed 85440K, reserved 1179648K
  class space    used 9049K, committed 9856K, reserved 1048576K
}
Event: 1741.215 GC heap before
{Heap before GC invocations=985 (full 3):
 PSYoungGen      total 8192K, used 7943K [0x00000000d5580000, 0x00000000d5f80000, 0x0000000100000000)
  eden space 7680K, 100% used [0x00000000d5580000,0x00000000d5d00000,0x00000000d5d00000)
  from space 512K, 51% used [0x00000000d5d00000,0x00000000d5d41c68,0x00000000d5d80000)
  to   space 512K, 0% used [0x00000000d5f00000,0x00000000d5f00000,0x00000000d5f80000)
 ParOldGen       total 626688K, used 626162K [0x0000000080000000, 0x00000000a6400000, 0x00000000d5580000)
  object space 626688K, 99% used [0x0000000080000000,0x00000000a637c9d8,0x00000000a6400000)
 Metaspace       used 83638K, committed 85440K, reserved 1179648K
  class space    used 9049K, committed 9856K, reserved 1048576K
}
Event: 1741.217 GC heap after
{Heap after GC invocations=985 (full 3):
 PSYoungGen      total 8192K, used 512K [0x00000000d5580000, 0x00000000d5f80000, 0x0000000100000000)
  eden space 7680K, 0% used [0x00000000d5580000,0x00000000d5580000,0x00000000d5d00000)
  from space 512K, 100% used [0x00000000d5f00000,0x00000000d5f80000,0x00000000d5f80000)
  to   space 1024K, 0% used [0x00000000d5d80000,0x00000000d5d80000,0x00000000d5e80000)
 ParOldGen       total 626688K, used 626317K [0x0000000080000000, 0x00000000a6400000, 0x00000000d5580000)
  object space 626688K, 99% used [0x0000000080000000,0x00000000a63a35b8,0x00000000a6400000)
 Metaspace       used 83638K, committed 85440K, reserved 1179648K
  class space    used 9049K, committed 9856K, reserved 1048576K
}
Event: 1741.222 GC heap before
{Heap before GC invocations=986 (full 3):
 PSYoungGen      total 8192K, used 8192K [0x00000000d5580000, 0x00000000d5f80000, 0x0000000100000000)
  eden space 7680K, 100% used [0x00000000d5580000,0x00000000d5d00000,0x00000000d5d00000)
  from space 512K, 100% used [0x00000000d5f00000,0x00000000d5f80000,0x00000000d5f80000)
  to   space 1024K, 0% used [0x00000000d5d80000,0x00000000d5d80000,0x00000000d5e80000)
 ParOldGen       total 626688K, used 626317K [0x0000000080000000, 0x00000000a6400000, 0x00000000d5580000)
  object space 626688K, 99% used [0x0000000080000000,0x00000000a63a35b8,0x00000000a6400000)
 Metaspace       used 83638K, committed 85440K, reserved 1179648K
  class space    used 9049K, committed 9856K, reserved 1048576K
}
Event: 1741.224 GC heap after
{Heap after GC invocations=986 (full 3):
 PSYoungGen      total 8704K, used 592K [0x00000000d5580000, 0x00000000d5f80000, 0x0000000100000000)
  eden space 7680K, 0% used [0x00000000d5580000,0x00000000d5580000,0x00000000d5d00000)
  from space 1024K, 57% used [0x00000000d5d80000,0x00000000d5e14010,0x00000000d5e80000)
  to   space 1024K, 0% used [0x00000000d5e80000,0x00000000d5e80000,0x00000000d5f80000)
 ParOldGen       total 627200K, used 626765K [0x0000000080000000, 0x00000000a6480000, 0x00000000d5580000)
  object space 627200K, 99% used [0x0000000080000000,0x00000000a64135b8,0x00000000a6480000)
 Metaspace       used 83638K, committed 85440K, reserved 1179648K
  class space    used 9049K, committed 9856K, reserved 1048576K
}
Event: 1741.228 GC heap before
{Heap before GC invocations=987 (full 3):
 PSYoungGen      total 8704K, used 8272K [0x00000000d5580000, 0x00000000d5f80000, 0x0000000100000000)
  eden space 7680K, 100% used [0x00000000d5580000,0x00000000d5d00000,0x00000000d5d00000)
  from space 1024K, 57% used [0x00000000d5d80000,0x00000000d5e14010,0x00000000d5e80000)
  to   space 1024K, 0% used [0x00000000d5e80000,0x00000000d5e80000,0x00000000d5f80000)
 ParOldGen       total 627200K, used 626765K [0x0000000080000000, 0x00000000a6480000, 0x00000000d5580000)
  object space 627200K, 99% used [0x0000000080000000,0x00000000a64135b8,0x00000000a6480000)
 Metaspace       used 83638K, committed 85440K, reserved 1179648K
  class space    used 9049K, committed 9856K, reserved 1048576K
}
Event: 1741.229 GC heap after
{Heap after GC invocations=987 (full 3):
 PSYoungGen      total 9728K, used 320K [0x00000000d5580000, 0x00000000d5f80000, 0x0000000100000000)
  eden space 8704K, 0% used [0x00000000d5580000,0x00000000d5580000,0x00000000d5e00000)
  from space 1024K, 31% used [0x00000000d5e80000,0x00000000d5ed0000,0x00000000d5f80000)
  to   space 512K, 0% used [0x00000000d5e00000,0x00000000d5e00000,0x00000000d5e80000)
 ParOldGen       total 627712K, used 627229K [0x0000000080000000, 0x00000000a6500000, 0x00000000d5580000)
  object space 627712K, 99% used [0x0000000080000000,0x00000000a64875c8,0x00000000a6500000)
 Metaspace       used 83638K, committed 85440K, reserved 1179648K
  class space    used 9049K, committed 9856K, reserved 1048576K
}
Event: 1741.240 GC heap before
{Heap before GC invocations=988 (full 3):
 PSYoungGen      total 9728K, used 9024K [0x00000000d5580000, 0x00000000d5f80000, 0x0000000100000000)
  eden space 8704K, 100% used [0x00000000d5580000,0x00000000d5e00000,0x00000000d5e00000)
  from space 1024K, 31% used [0x00000000d5e80000,0x00000000d5ed0000,0x00000000d5f80000)
  to   space 512K, 0% used [0x00000000d5e00000,0x00000000d5e00000,0x00000000d5e80000)
 ParOldGen       total 627712K, used 627229K [0x0000000080000000, 0x00000000a6500000, 0x00000000d5580000)
  object space 627712K, 99% used [0x0000000080000000,0x00000000a64875c8,0x00000000a6500000)
 Metaspace       used 83638K, committed 85440K, reserved 1179648K
  class space    used 9049K, committed 9856K, reserved 1048576K
}
Event: 1741.242 GC heap after
{Heap after GC invocations=988 (full 3):
 PSYoungGen      total 9216K, used 320K [0x00000000d5580000, 0x00000000d5f00000, 0x0000000100000000)
  eden space 8704K, 0% used [0x00000000d5580000,0x00000000d5580000,0x00000000d5e00000)
  from space 512K, 62% used [0x00000000d5e00000,0x00000000d5e50000,0x00000000d5e80000)
  to   space 512K, 0% used [0x00000000d5e80000,0x00000000d5e80000,0x00000000d5f00000)
 ParOldGen       total 627712K, used 627453K [0x0000000080000000, 0x00000000a6500000, 0x00000000d5580000)
  object space 627712K, 99% used [0x0000000080000000,0x00000000a64bf5c8,0x00000000a6500000)
 Metaspace       used 83638K, committed 85440K, reserved 1179648K
  class space    used 9049K, committed 9856K, reserved 1048576K
}
Event: 1741.249 GC heap before
{Heap before GC invocations=989 (full 3):
 PSYoungGen      total 9216K, used 9024K [0x00000000d5580000, 0x00000000d5f00000, 0x0000000100000000)
  eden space 8704K, 100% used [0x00000000d5580000,0x00000000d5e00000,0x00000000d5e00000)
  from space 512K, 62% used [0x00000000d5e00000,0x00000000d5e50000,0x00000000d5e80000)
  to   space 512K, 0% used [0x00000000d5e80000,0x00000000d5e80000,0x00000000d5f00000)
 ParOldGen       total 627712K, used 627453K [0x0000000080000000, 0x00000000a6500000, 0x00000000d5580000)
  object space 627712K, 99% used [0x0000000080000000,0x00000000a64bf5c8,0x00000000a6500000)
 Metaspace       used 83638K, committed 85440K, reserved 1179648K
  class space    used 9049K, committed 9856K, reserved 1048576K
}
Event: 1741.251 GC heap after
{Heap after GC invocations=989 (full 3):
 PSYoungGen      total 9216K, used 256K [0x00000000d5580000, 0x00000000d5f00000, 0x0000000100000000)
  eden space 8704K, 0% used [0x00000000d5580000,0x00000000d5580000,0x00000000d5e00000)
  from space 512K, 50% used [0x00000000d5e80000,0x00000000d5ec0230,0x00000000d5f00000)
  to   space 512K, 0% used [0x00000000d5e00000,0x00000000d5e00000,0x00000000d5e80000)
 ParOldGen       total 627712K, used 627637K [0x0000000080000000, 0x00000000a6500000, 0x00000000d5580000)
  object space 627712K, 99% used [0x0000000080000000,0x00000000a64ed5c8,0x00000000a6500000)
 Metaspace       used 83638K, committed 85440K, reserved 1179648K
  class space    used 9049K, committed 9856K, reserved 1048576K
}
Event: 1741.270 GC heap before
{Heap before GC invocations=990 (full 3):
 PSYoungGen      total 9216K, used 8960K [0x00000000d5580000, 0x00000000d5f00000, 0x0000000100000000)
  eden space 8704K, 100% used [0x00000000d5580000,0x00000000d5e00000,0x00000000d5e00000)
  from space 512K, 50% used [0x00000000d5e80000,0x00000000d5ec0230,0x00000000d5f00000)
  to   space 512K, 0% used [0x00000000d5e00000,0x00000000d5e00000,0x00000000d5e80000)
 ParOldGen       total 627712K, used 627637K [0x0000000080000000, 0x00000000a6500000, 0x00000000d5580000)
  object space 627712K, 99% used [0x0000000080000000,0x00000000a64ed5c8,0x00000000a6500000)
 Metaspace       used 83638K, committed 85440K, reserved 1179648K
  class space    used 9049K, committed 9856K, reserved 1048576K
}
Event: 1741.271 GC heap after
{Heap after GC invocations=990 (full 3):
 PSYoungGen      total 9216K, used 256K [0x00000000d5580000, 0x00000000d5f00000, 0x0000000100000000)
  eden space 8704K, 0% used [0x00000000d5580000,0x00000000d5580000,0x00000000d5e00000)
  from space 512K, 50% used [0x00000000d5e00000,0x00000000d5e40000,0x00000000d5e80000)
  to   space 512K, 0% used [0x00000000d5e80000,0x00000000d5e80000,0x00000000d5f00000)
 ParOldGen       total 627712K, used 627685K [0x0000000080000000, 0x00000000a6500000, 0x00000000d5580000)
  object space 627712K, 99% used [0x0000000080000000,0x00000000a64f95c8,0x00000000a6500000)
 Metaspace       used 83638K, committed 85440K, reserved 1179648K
  class space    used 9049K, committed 9856K, reserved 1048576K
}
Event: 1741.293 GC heap before
{Heap before GC invocations=991 (full 3):
 PSYoungGen      total 9216K, used 8960K [0x00000000d5580000, 0x00000000d5f00000, 0x0000000100000000)
  eden space 8704K, 100% used [0x00000000d5580000,0x00000000d5e00000,0x00000000d5e00000)
  from space 512K, 50% used [0x00000000d5e00000,0x00000000d5e40000,0x00000000d5e80000)
  to   space 512K, 0% used [0x00000000d5e80000,0x00000000d5e80000,0x00000000d5f00000)
 ParOldGen       total 627712K, used 627685K [0x0000000080000000, 0x00000000a6500000, 0x00000000d5580000)
  object space 627712K, 99% used [0x0000000080000000,0x00000000a64f95c8,0x00000000a6500000)
 Metaspace       used 83648K, committed 85440K, reserved 1179648K
  class space    used 9050K, committed 9856K, reserved 1048576K
}

