# JRE version: OpenJDK Runtime Environment Temurin-21.0.10+7 (21.0.10+7) (build 21.0.10+7-LTS)
# Java VM: OpenJDK 64-Bit Server VM Temurin-21.0.10+7 (21.0.10+7-LTS, mixed mode, sharing, tiered, compressed oops, compressed class ptrs, parallel gc, windows-amd64)
GC Precious Log:
 CardTable entry size: 512
 CPUs: 8 total, 8 available
 Memory: 7883M
 Large Page Support: Disabled
 NUMA Support: Disabled
 Compressed Oops: Enabled (32-bit)
 Alignments: Space 512K, Generation 512K, Heap 2M
 Heap Min Capacity: 100M
 Heap Initial Capacity: 100M
 Heap Max Capacity: 2G
 Pre-touch: Disabled
 Parallel Workers: 8
Heap:
 PSYoungGen      total 5120K, used 3981K [0x00000000d5580000, 0x00000000d5b80000, 0x0000000100000000)
  eden space 4096K, 84% used [0x00000000d5580000,0x00000000d58e3160,0x00000000d5980000)
  from space 1024K, 50% used [0x00000000d5a80000,0x00000000d5b00468,0x00000000d5b80000)
  to   space 1024K, 0% used [0x00000000d5980000,0x00000000d5980000,0x00000000d5a80000)
 ParOldGen       total 282624K, used 282503K [0x0000000080000000, 0x0000000091400000, 0x00000000d5580000)
  object space 282624K, 99% used [0x0000000080000000,0x00000000913e1e10,0x0000000091400000)
 Metaspace       used 80328K, committed 82112K, reserved 1179648K
  class space    used 8641K, committed 9408K, reserved 1048576K
GC Heap History (20 events):
Event: 970.720 GC heap before
{Heap before GC invocations=370 (full 3):
 PSYoungGen      total 2560K, used 2498K [0x00000000d5580000, 0x00000000d5a00000, 0x0000000100000000)
  eden space 1536K, 100% used [0x00000000d5580000,0x00000000d5700000,0x00000000d5700000)
  from space 1024K, 93% used [0x00000000d5900000,0x00000000d59f08d0,0x00000000d5a00000)
  to   space 1536K, 0% used [0x00000000d5700000,0x00000000d5700000,0x00000000d5880000)
 ParOldGen       total 268288K, used 268087K [0x0000000080000000, 0x0000000090600000, 0x00000000d5580000)
  object space 268288K, 99% used [0x0000000080000000,0x00000000905cdda0,0x0000000090600000)
 Metaspace       used 80312K, committed 82112K, reserved 1179648K
  class space    used 8640K, committed 9408K, reserved 1048576K
}
Event: 970.721 GC heap after
{Heap after GC invocations=370 (full 3):
 PSYoungGen      total 3072K, used 1536K [0x00000000d5580000, 0x00000000d5d80000, 0x0000000100000000)
  eden space 1536K, 0% used [0x00000000d5580000,0x00000000d5580000,0x00000000d5700000)
  from space 1536K, 100% used [0x00000000d5700000,0x00000000d5880000,0x00000000d5880000)
  to   space 3072K, 0% used [0x00000000d5a80000,0x00000000d5a80000,0x00000000d5d80000)
 ParOldGen       total 269312K, used 268961K [0x0000000080000000, 0x0000000090700000, 0x00000000d5580000)
  object space 269312K, 99% used [0x0000000080000000,0x00000000906a8670,0x0000000090700000)
 Metaspace       used 80312K, committed 82112K, reserved 1179648K
  class space    used 8640K, committed 9408K, reserved 1048576K
}
Event: 1073.994 GC heap before
{Heap before GC invocations=371 (full 3):
 PSYoungGen      total 3072K, used 3071K [0x00000000d5580000, 0x00000000d5d80000, 0x0000000100000000)
  eden space 1536K, 99% used [0x00000000d5580000,0x00000000d56fff90,0x00000000d5700000)
  from space 1536K, 100% used [0x00000000d5700000,0x00000000d5880000,0x00000000d5880000)
  to   space 3072K, 0% used [0x00000000d5a80000,0x00000000d5a80000,0x00000000d5d80000)
 ParOldGen       total 269312K, used 268961K [0x0000000080000000, 0x0000000090700000, 0x00000000d5580000)
  object space 269312K, 99% used [0x0000000080000000,0x00000000906a8670,0x0000000090700000)
 Metaspace       used 80314K, committed 82112K, reserved 1179648K
  class space    used 8641K, committed 9408K, reserved 1048576K
}
Event: 1073.999 GC heap after
{Heap after GC invocations=371 (full 3):
 PSYoungGen      total 3584K, used 1434K [0x00000000d5580000, 0x00000000d5c00000, 0x0000000100000000)
  eden space 2048K, 0% used [0x00000000d5580000,0x00000000d5580000,0x00000000d5780000)
  from space 1536K, 93% used [0x00000000d5a80000,0x00000000d5be6900,0x00000000d5c00000)
  to   space 2048K, 0% used [0x00000000d5800000,0x00000000d5800000,0x00000000d5a00000)
 ParOldGen       total 270848K, used 270489K [0x0000000080000000, 0x0000000090880000, 0x00000000d5580000)
  object space 270848K, 99% used [0x0000000080000000,0x0000000090826670,0x0000000090880000)
 Metaspace       used 80314K, committed 82112K, reserved 1179648K
  class space    used 8641K, committed 9408K, reserved 1048576K
}
Event: 1074.017 GC heap before
{Heap before GC invocations=372 (full 3):
 PSYoungGen      total 3584K, used 3482K [0x00000000d5580000, 0x00000000d5c00000, 0x0000000100000000)
  eden space 2048K, 100% used [0x00000000d5580000,0x00000000d5780000,0x00000000d5780000)
  from space 1536K, 93% used [0x00000000d5a80000,0x00000000d5be6900,0x00000000d5c00000)
  to   space 2048K, 0% used [0x00000000d5800000,0x00000000d5800000,0x00000000d5a00000)
 ParOldGen       total 270848K, used 270489K [0x0000000080000000, 0x0000000090880000, 0x00000000d5580000)
  object space 270848K, 99% used [0x0000000080000000,0x0000000090826670,0x0000000090880000)
 Metaspace       used 80314K, committed 82112K, reserved 1179648K
  class space    used 8641K, committed 9408K, reserved 1048576K
}
Event: 1074.021 GC heap after
{Heap after GC invocations=372 (full 3):
 PSYoungGen      total 4608K, used 610K [0x00000000d5580000, 0x00000000d5b00000, 0x0000000100000000)
  eden space 2560K, 0% used [0x00000000d5580000,0x00000000d5580000,0x00000000d5800000)
  from space 2048K, 29% used [0x00000000d5800000,0x00000000d58988d0,0x00000000d5a00000)
  to   space 1024K, 0% used [0x00000000d5a00000,0x00000000d5a00000,0x00000000d5b00000)
 ParOldGen       total 271872K, used 271822K [0x0000000080000000, 0x0000000090980000, 0x00000000d5580000)
  object space 271872K, 99% used [0x0000000080000000,0x0000000090973870,0x0000000090980000)
 Metaspace       used 80314K, committed 82112K, reserved 1179648K
  class space    used 8641K, committed 9408K, reserved 1048576K
}
Event: 1074.025 GC heap before
{Heap before GC invocations=373 (full 3):
 PSYoungGen      total 4608K, used 3170K [0x00000000d5580000, 0x00000000d5b00000, 0x0000000100000000)
  eden space 2560K, 100% used [0x00000000d5580000,0x00000000d5800000,0x00000000d5800000)
  from space 2048K, 29% used [0x00000000d5800000,0x00000000d58988d0,0x00000000d5a00000)
  to   space 1024K, 0% used [0x00000000d5a00000,0x00000000d5a00000,0x00000000d5b00000)
 ParOldGen       total 271872K, used 271822K [0x0000000080000000, 0x0000000090980000, 0x00000000d5580000)
  object space 271872K, 99% used [0x0000000080000000,0x0000000090973870,0x0000000090980000)
 Metaspace       used 80314K, committed 82112K, reserved 1179648K
  class space    used 8641K, committed 9408K, reserved 1048576K
}
Event: 1074.028 GC heap after
{Heap after GC invocations=373 (full 3):
 PSYoungGen      total 2048K, used 1024K [0x00000000d5580000, 0x00000000d5f80000, 0x0000000100000000)
  eden space 1024K, 0% used [0x00000000d5580000,0x00000000d5580000,0x00000000d5680000)
  from space 1024K, 100% used [0x00000000d5a00000,0x00000000d5b00000,0x00000000d5b00000)
  to   space 3584K, 0% used [0x00000000d5680000,0x00000000d5680000,0x00000000d5a00000)
 ParOldGen       total 273920K, used 273768K [0x0000000080000000, 0x0000000090b80000, 0x00000000d5580000)
  object space 273920K, 99% used [0x0000000080000000,0x0000000090b5a140,0x0000000090b80000)
 Metaspace       used 80314K, committed 82112K, reserved 1179648K
  class space    used 8641K, committed 9408K, reserved 1048576K
}
Event: 1074.031 GC heap before
{Heap before GC invocations=374 (full 3):
 PSYoungGen      total 2048K, used 2048K [0x00000000d5580000, 0x00000000d5f80000, 0x0000000100000000)
  eden space 1024K, 100% used [0x00000000d5580000,0x00000000d5680000,0x00000000d5680000)
  from space 1024K, 100% used [0x00000000d5a00000,0x00000000d5b00000,0x00000000d5b00000)
  to   space 3584K, 0% used [0x00000000d5680000,0x00000000d5680000,0x00000000d5a00000)
 ParOldGen       total 273920K, used 273768K [0x0000000080000000, 0x0000000090b80000, 0x00000000d5580000)
  object space 273920K, 99% used [0x0000000080000000,0x0000000090b5a140,0x0000000090b80000)
 Metaspace       used 80314K, committed 82112K, reserved 1179648K
  class space    used 8641K, committed 9408K, reserved 1048576K
}
Event: 1074.034 GC heap after
{Heap after GC invocations=374 (full 3):
 PSYoungGen      total 2048K, used 832K [0x00000000d5580000, 0x00000000d5b00000, 0x0000000100000000)
  eden space 1024K, 0% used [0x00000000d5580000,0x00000000d5580000,0x00000000d5680000)
  from space 1024K, 81% used [0x00000000d5680000,0x00000000d5750000,0x00000000d5780000)
  to   space 2048K, 0% used [0x00000000d5900000,0x00000000d5900000,0x00000000d5b00000)
 ParOldGen       total 274944K, used 274824K [0x0000000080000000, 0x0000000090c80000, 0x00000000d5580000)
  object space 274944K, 99% used [0x0000000080000000,0x0000000090c62140,0x0000000090c80000)
 Metaspace       used 80314K, committed 82112K, reserved 1179648K
  class space    used 8641K, committed 9408K, reserved 1048576K
}
Event: 1074.037 GC heap before
{Heap before GC invocations=375 (full 3):
 PSYoungGen      total 2048K, used 1855K [0x00000000d5580000, 0x00000000d5b00000, 0x0000000100000000)
  eden space 1024K, 99% used [0x00000000d5580000,0x00000000d567fff8,0x00000000d5680000)
  from space 1024K, 81% used [0x00000000d5680000,0x00000000d5750000,0x00000000d5780000)
  to   space 2048K, 0% used [0x00000000d5900000,0x00000000d5900000,0x00000000d5b00000)
 ParOldGen       total 274944K, used 274824K [0x0000000080000000, 0x0000000090c80000, 0x00000000d5580000)
  object space 274944K, 99% used [0x0000000080000000,0x0000000090c62140,0x0000000090c80000)
 Metaspace       used 80314K, committed 82112K, reserved 1179648K
  class space    used 8641K, committed 9408K, reserved 1048576K
}
Event: 1074.039 GC heap after
{Heap after GC invocations=375 (full 3):
 PSYoungGen      total 3072K, used 1059K [0x00000000d5580000, 0x00000000d5a80000, 0x0000000100000000)
  eden space 1536K, 0% used [0x00000000d5580000,0x00000000d5580000,0x00000000d5700000)
  from space 1536K, 68% used [0x00000000d5900000,0x00000000d5a08d38,0x00000000d5a80000)
  to   space 1536K, 0% used [0x00000000d5780000,0x00000000d5780000,0x00000000d5900000)
 ParOldGen       total 275968K, used 275608K [0x0000000080000000, 0x0000000090d80000, 0x00000000d5580000)
  object space 275968K, 99% used [0x0000000080000000,0x0000000090d26140,0x0000000090d80000)
 Metaspace       used 80314K, committed 82112K, reserved 1179648K
  class space    used 8641K, committed 9408K, reserved 1048576K
}
Event: 1074.042 GC heap before
{Heap before GC invocations=376 (full 3):
 PSYoungGen      total 3072K, used 2595K [0x00000000d5580000, 0x00000000d5a80000, 0x0000000100000000)
  eden space 1536K, 100% used [0x00000000d5580000,0x00000000d5700000,0x00000000d5700000)
  from space 1536K, 68% used [0x00000000d5900000,0x00000000d5a08d38,0x00000000d5a80000)
  to   space 1536K, 0% used [0x00000000d5780000,0x00000000d5780000,0x00000000d5900000)
 ParOldGen       total 275968K, used 275608K [0x0000000080000000, 0x0000000090d80000, 0x00000000d5580000)
  object space 275968K, 99% used [0x0000000080000000,0x0000000090d26140,0x0000000090d80000)
 Metaspace       used 80314K, committed 82112K, reserved 1179648K
  class space    used 8641K, committed 9408K, reserved 1048576K
}
Event: 1074.044 GC heap after
{Heap after GC invocations=376 (full 3):
 PSYoungGen      total 3584K, used 1536K [0x00000000d5580000, 0x00000000d5d80000, 0x0000000100000000)
  eden space 2048K, 0% used [0x00000000d5580000,0x00000000d5580000,0x00000000d5780000)
  from space 1536K, 100% used [0x00000000d5780000,0x00000000d5900000,0x00000000d5900000)
  to   space 3072K, 0% used [0x00000000d5a80000,0x00000000d5a80000,0x00000000d5d80000)
 ParOldGen       total 276480K, used 276442K [0x0000000080000000, 0x0000000090e00000, 0x00000000d5580000)
  object space 276480K, 99% used [0x0000000080000000,0x0000000090df6a10,0x0000000090e00000)
 Metaspace       used 80314K, committed 82112K, reserved 1179648K
  class space    used 8641K, committed 9408K, reserved 1048576K
}
Event: 1074.055 GC heap before
{Heap before GC invocations=377 (full 3):
 PSYoungGen      total 3584K, used 3584K [0x00000000d5580000, 0x00000000d5d80000, 0x0000000100000000)
  eden space 2048K, 100% used [0x00000000d5580000,0x00000000d5780000,0x00000000d5780000)
  from space 1536K, 100% used [0x00000000d5780000,0x00000000d5900000,0x00000000d5900000)
  to   space 3072K, 0% used [0x00000000d5a80000,0x00000000d5a80000,0x00000000d5d80000)
 ParOldGen       total 279552K, used 279451K [0x0000000080000000, 0x0000000091100000, 0x00000000d5580000)
  object space 279552K, 99% used [0x0000000080000000,0x00000000910e6c10,0x0000000091100000)
 Metaspace       used 80314K, committed 82112K, reserved 1179648K
  class space    used 8641K, committed 9408K, reserved 1048576K
}
Event: 1074.058 GC heap after
{Heap after GC invocations=377 (full 3):
 PSYoungGen      total 4608K, used 1562K [0x00000000d5580000, 0x00000000d5c80000, 0x0000000100000000)
  eden space 2560K, 0% used [0x00000000d5580000,0x00000000d5580000,0x00000000d5800000)
  from space 2048K, 76% used [0x00000000d5a80000,0x00000000d5c06900,0x00000000d5c80000)
  to   space 2048K, 0% used [0x00000000d5880000,0x00000000d5880000,0x00000000d5a80000)
 ParOldGen       total 281088K, used 280947K [0x0000000080000000, 0x0000000091280000, 0x00000000d5580000)
  object space 281088K, 99% used [0x0000000080000000,0x000000009125cc10,0x0000000091280000)
 Metaspace       used 80314K, committed 82112K, reserved 1179648K
  class space    used 8641K, committed 9408K, reserved 1048576K
}
Event: 1074.063 GC heap before
{Heap before GC invocations=378 (full 3):
 PSYoungGen      total 4608K, used 4122K [0x00000000d5580000, 0x00000000d5c80000, 0x0000000100000000)
  eden space 2560K, 100% used [0x00000000d5580000,0x00000000d5800000,0x00000000d5800000)
  from space 2048K, 76% used [0x00000000d5a80000,0x00000000d5c06900,0x00000000d5c80000)
  to   space 2048K, 0% used [0x00000000d5880000,0x00000000d5880000,0x00000000d5a80000)
 ParOldGen       total 281088K, used 280947K [0x0000000080000000, 0x0000000091280000, 0x00000000d5580000)
  object space 281088K, 99% used [0x0000000080000000,0x000000009125cc10,0x0000000091280000)
 Metaspace       used 80314K, committed 82112K, reserved 1179648K
  class space    used 8641K, committed 9408K, reserved 1048576K
}
Event: 1074.065 GC heap after
{Heap after GC invocations=378 (full 3):
 PSYoungGen      total 5120K, used 1538K [0x00000000d5580000, 0x00000000d5c80000, 0x0000000100000000)
  eden space 3072K, 0% used [0x00000000d5580000,0x00000000d5580000,0x00000000d5880000)
  from space 2048K, 75% used [0x00000000d5880000,0x00000000d5a008d0,0x00000000d5a80000)
  to   space 2048K, 0% used [0x00000000d5a80000,0x00000000d5a80000,0x00000000d5c80000)
 ParOldGen       total 282624K, used 282407K [0x0000000080000000, 0x0000000091400000, 0x00000000d5580000)
  object space 282624K, 99% used [0x0000000080000000,0x00000000913c9e10,0x0000000091400000)
 Metaspace       used 80314K, committed 82112K, reserved 1179648K
  class space    used 8641K, committed 9408K, reserved 1048576K
}
Event: 1074.069 GC heap before
{Heap before GC invocations=379 (full 3):
 PSYoungGen      total 5120K, used 4530K [0x00000000d5580000, 0x00000000d5c80000, 0x0000000100000000)
  eden space 3072K, 97% used [0x00000000d5580000,0x00000000d586c0a0,0x00000000d5880000)
  from space 2048K, 75% used [0x00000000d5880000,0x00000000d5a008d0,0x00000000d5a80000)
  to   space 2048K, 0% used [0x00000000d5a80000,0x00000000d5a80000,0x00000000d5c80000)
 ParOldGen       total 282624K, used 282407K [0x0000000080000000, 0x0000000091400000, 0x00000000d5580000)
  object space 282624K, 99% used [0x0000000080000000,0x00000000913c9e10,0x0000000091400000)
 Metaspace       used 80314K, committed 82112K, reserved 1179648K
  class space    used 8641K, committed 9408K, reserved 1048576K
}
Event: 1074.070 GC heap after
{Heap after GC invocations=379 (full 3):
 PSYoungGen      total 5120K, used 513K [0x00000000d5580000, 0x00000000d5b80000, 0x0000000100000000)
  eden space 4096K, 0% used [0x00000000d5580000,0x00000000d5580000,0x00000000d5980000)
  from space 1024K, 50% used [0x00000000d5a80000,0x00000000d5b00468,0x00000000d5b80000)
  to   space 1024K, 0% used [0x00000000d5980000,0x00000000d5980000,0x00000000d5a80000)
 ParOldGen       total 282624K, used 282503K [0x0000000080000000, 0x0000000091400000, 0x00000000d5580000)
  object space 282624K, 99% used [0x0000000080000000,0x00000000913e1e10,0x0000000091400000)
 Metaspace       used 80314K, committed 82112K, reserved 1179648K
  class space    used 8641K, committed 9408K, reserved 1048576K
}

